  account.cpp
C:\Users\User\source\repos\BankSystem\BankSystem\account.h(18,45): warning C4227: устаревший элемент: пропуск квалификаторов для ссылки
C:\Users\User\source\repos\BankSystem\BankSystem\account.h(18,61): warning C4227: устаревший элемент: пропуск квалификаторов для ссылки
C:\Users\User\source\repos\BankSystem\BankSystem\account.cpp(12,46): warning C4227: устаревший элемент: пропуск квалификаторов для ссылки
C:\Users\User\source\repos\BankSystem\BankSystem\account.cpp(12,71): warning C4227: устаревший элемент: пропуск квалификаторов для ссылки
C:\Users\User\source\repos\BankSystem\BankSystem\account.cpp(44,18): error C2065: Ruble: необъявленный идентификатор
C:\Users\User\source\repos\BankSystem\BankSystem\account.cpp(47,23): error C2065: Dollar: необъявленный идентификатор
  bankServer.cpp
C:\Users\User\source\repos\BankSystem\BankSystem\account.h(18,45): warning C4227: устаревший элемент: пропуск квалификаторов для ссылки
C:\Users\User\source\repos\BankSystem\BankSystem\account.h(18,61): warning C4227: устаревший элемент: пропуск квалификаторов для ссылки
C:\Users\User\source\repos\BankSystem\BankSystem\bankServer.cpp(140,31): error C2065: IsToProcess: необъявленный идентификатор
C:\Users\User\source\repos\BankSystem\BankSystem\bankServer.cpp(192,26): error C2065: Withdrawing: необъявленный идентификатор
C:\Users\User\source\repos\BankSystem\BankSystem\bankServer.cpp(198,12): error C2065: Withdrawing: необъявленный идентификатор
C:\Users\User\source\repos\BankSystem\BankSystem\bankServer.cpp(201,12): error C2065: Adding: необъявленный идентификатор
C:\Users\User\source\repos\BankSystem\BankSystem\bankServer.cpp(217,34): error C2065: Cash_Done: необъявленный идентификатор
C:\Users\User\source\repos\BankSystem\BankSystem\bankServer.cpp(219,13): error C2065: Cash_Denied: необъявленный идентификатор
C:\Users\User\source\repos\BankSystem\BankSystem\bankServer.cpp(222,13): error C2065: Cash_Denied: необъявленный идентификатор
C:\Users\User\source\repos\BankSystem\BankSystem\bankServer.cpp(225,13): error C2065: Cash_Denied: необъявленный идентификатор
C:\Users\User\source\repos\BankSystem\BankSystem\bankServer.cpp(232,17): error C2065: Cash_Done: необъявленный идентификатор
C:\Users\User\source\repos\BankSystem\BankSystem\bankServer.cpp(249,23): error C2065: Ruble: необъявленный идентификатор
C:\Users\User\source\repos\BankSystem\BankSystem\bankServer.cpp(254,15): error C2065: Ruble: необъявленный идентификатор
C:\Users\User\source\repos\BankSystem\BankSystem\bankServer.cpp(257,15): error C2065: Dollar: необъявленный идентификатор
C:\Users\User\source\repos\BankSystem\BankSystem\bankServer.cpp(260,15): error C2065: Euro: необъявленный идентификатор
C:\Users\User\source\repos\BankSystem\BankSystem\bankServer.cpp(329,34): error C2065: Lisa: необъявленный идентификатор
C:\Users\User\source\repos\BankSystem\BankSystem\bankServer.cpp(338,21): error C2065: Lisa: необъявленный идентификатор
C:\Users\User\source\repos\BankSystem\BankSystem\bankServer.cpp(341,21): error C2065: MasterBart: необъявленный идентификатор
C:\Users\User\source\repos\BankSystem\BankSystem\bankServer.cpp(344,21): error C2065: HoMiR: необъявленный идентификатор
  card.cpp
C:\Users\User\source\repos\BankSystem\BankSystem\card.cpp(37,24): error C2065: Lisa: необъявленный идентификатор
C:\Users\User\source\repos\BankSystem\BankSystem\card.cpp(40,28): error C2065: MasterBart: необъявленный идентификатор
  Создание кода...
